<?xml version="1.0" encoding="UTF-8"?>
<!-- Generated by org.testng.reporters.JUnitReportReporter -->
<testsuite hostname="CSPLAPPUN862" failures="0" tests="2" name="testCases.VerifyLoginTestCases" time="22.339" errors="0" timestamp="2024-04-30T12:24:18 IST" skipped="0">
  <testcase classname="testCases.VerifyLoginTestCases" name="verifyLoginwithValidData" time="10.225"/>
  <system-out/>
  <testcase classname="testCases.VerifyLoginTestCases" name="verifyLoginwithInvalidData" time="12.114"/>
  <system-out/>
</testsuite> <!-- testCases.VerifyLoginTestCases -->
