<?xml version="1.0" encoding="UTF-8"?>
<!-- Generated by org.testng.reporters.JUnitReportReporter -->
<testsuite hostname="CSPLAPPUN862" failures="0" tests="2" name="testCases.VerifyRegistrationTestCases" time="35.493" errors="0" timestamp="2024-04-30T12:24:18 IST" skipped="0">
  <testcase classname="testCases.VerifyRegistrationTestCases" name="VerifyRegistrationWithValidData" time="27.002"/>
  <system-out/>
  <testcase classname="testCases.VerifyRegistrationTestCases" name="VerifyRegistrationWithInvalidData" time="8.491"/>
  <system-out/>
</testsuite> <!-- testCases.VerifyRegistrationTestCases -->
